[debug] [2023-04-19T19:02:09.038Z] ----------------------------------------------------------------------
[debug] [2023-04-19T19:02:09.042Z] Command:       /usr/local/bin/node /Users/gabrielsouza/.npm-global/bin/firebase deploy --debug
[debug] [2023-04-19T19:02:09.042Z] CLI Version:   11.28.0
[debug] [2023-04-19T19:02:09.043Z] Platform:      darwin
[debug] [2023-04-19T19:02:09.043Z] Node Version:  v18.12.1
[debug] [2023-04-19T19:02:09.044Z] Time:          Wed Apr 19 2023 20:02:09 GMT+0100 (Western European Summer Time)
[debug] [2023-04-19T19:02:09.045Z] ----------------------------------------------------------------------
[debug] 
[debug] [2023-04-19T19:02:09.049Z] >>> [apiv2][query] GET https://firebase-public.firebaseio.com/cli.json [none]
[debug] [2023-04-19T19:02:09.242Z] > command requires scopes: ["email","openid","https://www.googleapis.com/auth/cloudplatformprojects.readonly","https://www.googleapis.com/auth/firebase","https://www.googleapis.com/auth/cloud-platform"]
[debug] [2023-04-19T19:02:09.243Z] > authorizing via signed-in user (benevidessouza2017@gmail.com)
[debug] [2023-04-19T19:02:09.244Z] [iam] checking project gowake-ba1f5 for permissions ["firebase.projects.get","firebasehosting.sites.update"]
[debug] [2023-04-19T19:02:09.245Z] > refreshing access token with scopes: []
[debug] [2023-04-19T19:02:09.246Z] >>> [apiv2][query] POST https://www.googleapis.com/oauth2/v3/token [none]
[debug] [2023-04-19T19:02:09.247Z] >>> [apiv2][body] POST https://www.googleapis.com/oauth2/v3/token [omitted]
[debug] [2023-04-19T19:02:09.456Z] <<< [apiv2][status] POST https://www.googleapis.com/oauth2/v3/token 200
[debug] [2023-04-19T19:02:09.457Z] <<< [apiv2][body] POST https://www.googleapis.com/oauth2/v3/token [omitted]
[debug] [2023-04-19T19:02:09.494Z] >>> [apiv2][query] POST https://cloudresourcemanager.googleapis.com/v1/projects/gowake-ba1f5:testIamPermissions [none]
[debug] [2023-04-19T19:02:09.494Z] >>> [apiv2][(partial)header] POST https://cloudresourcemanager.googleapis.com/v1/projects/gowake-ba1f5:testIamPermissions x-goog-quota-user=projects/gowake-ba1f5
[debug] [2023-04-19T19:02:09.495Z] >>> [apiv2][body] POST https://cloudresourcemanager.googleapis.com/v1/projects/gowake-ba1f5:testIamPermissions {"permissions":["firebase.projects.get","firebasehosting.sites.update"]}
[debug] [2023-04-19T19:02:09.548Z] <<< [apiv2][status] GET https://firebase-public.firebaseio.com/cli.json 200
[debug] [2023-04-19T19:02:09.548Z] <<< [apiv2][body] GET https://firebase-public.firebaseio.com/cli.json {"cloudBuildErrorAfter":1594252800000,"cloudBuildWarnAfter":1590019200000,"defaultNode10After":1594252800000,"minVersion":"3.0.5","node8DeploysDisabledAfter":1613390400000,"node8RuntimeDisabledAfter":1615809600000,"node8WarnAfter":1600128000000}
[debug] [2023-04-19T19:02:10.304Z] <<< [apiv2][status] POST https://cloudresourcemanager.googleapis.com/v1/projects/gowake-ba1f5:testIamPermissions 200
[debug] [2023-04-19T19:02:10.304Z] <<< [apiv2][body] POST https://cloudresourcemanager.googleapis.com/v1/projects/gowake-ba1f5:testIamPermissions {"permissions":["firebase.projects.get","firebasehosting.sites.update"]}
[debug] [2023-04-19T19:02:10.306Z] >>> [apiv2][query] GET https://firebase.googleapis.com/v1beta1/projects/gowake-ba1f5 [none]
[debug] [2023-04-19T19:02:10.708Z] <<< [apiv2][status] GET https://firebase.googleapis.com/v1beta1/projects/gowake-ba1f5 200
[debug] [2023-04-19T19:02:10.708Z] <<< [apiv2][body] GET https://firebase.googleapis.com/v1beta1/projects/gowake-ba1f5 {"projectId":"gowake-ba1f5","projectNumber":"385859792259","displayName":"GoWake","name":"projects/gowake-ba1f5","resources":{"hostingSite":"gowake-ba1f5"},"state":"ACTIVE","etag":"1_daf3e4a4-73e5-4205-8325-28239069367f"}
[info] 
[info] === Deploying to 'gowake-ba1f5'...
[info] 
[info] i  deploying hosting 
[debug] [2023-04-19T19:02:10.716Z] >>> [apiv2][query] POST https://firebasehosting.googleapis.com/v1beta1/projects/-/sites/gowake-ba1f5/versions [none]
[debug] [2023-04-19T19:02:10.716Z] >>> [apiv2][body] POST https://firebasehosting.googleapis.com/v1beta1/projects/-/sites/gowake-ba1f5/versions {"status":"CREATED","labels":{"deployment-tool":"cli-firebase"}}
[debug] [2023-04-19T19:02:12.039Z] <<< [apiv2][status] POST https://firebasehosting.googleapis.com/v1beta1/projects/-/sites/gowake-ba1f5/versions 200
[debug] [2023-04-19T19:02:12.039Z] <<< [apiv2][body] POST https://firebasehosting.googleapis.com/v1beta1/projects/-/sites/gowake-ba1f5/versions {"name":"projects/385859792259/sites/gowake-ba1f5/versions/aa299fc916c07ea0","status":"CREATED","config":{},"labels":{"deployment-tool":"cli-firebase"}}
[info] i  hosting[gowake-ba1f5]: beginning deploy... 
[info] i  hosting[gowake-ba1f5]: found 15 files in build 
[debug] [2023-04-19T19:02:12.051Z] [hosting] uploading with 200 concurrency
[debug] [2023-04-19T19:02:12.464Z] [hosting] hash cache [YnVpbGQ] stored for 15 files
[debug] [2023-04-19T19:02:12.464Z] [hosting][hash queue][FINAL] {"max":399,"min":16,"avg":46.666666666666664,"active":0,"complete":15,"success":15,"errored":0,"retried":0,"total":15,"elapsed":408}
[debug] [2023-04-19T19:02:12.464Z] >>> [apiv2][query] POST https://firebasehosting.googleapis.com/v1beta1/projects/385859792259/sites/gowake-ba1f5/versions/aa299fc916c07ea0:populateFiles [none]
[debug] [2023-04-19T19:02:12.465Z] >>> [apiv2][body] POST https://firebasehosting.googleapis.com/v1beta1/projects/385859792259/sites/gowake-ba1f5/versions/aa299fc916c07ea0:populateFiles {"files":{"/_redirects":"a865f828abec3b0d88bb76cd654701fdf8852f0343b936caddfc4a05fbc8637a","/asset-manifest.json":"42463aefca045321d95199f69129183438f32bb69376acac8ff187974b740c7d","/index.html":"f3caadf91cbffece245ddb23dc440655721c97eeeef355d83aaf55a2f962b0be","/favicon.ico":"b72f7455f00e4e58792d2bca892abb068e2213838c0316d6b7a0d6d16acd1955","/logo192.png":"caff018b7f1e8fd481eb1c50d75b0ef236bcd5078b1d15c8bb348453fee30293","/manifest.json":"341d52628782f8ac9290bbfc43298afccb47b7cbfcee146ae30cf0f46bc30900","/robots.txt":"391d14b3c2f8c9143a27a28c7399585142228d4d1bdbe2c87ac946de411fa9a2","/logo512.png":"191fc21360b4ccfb1cda11a1efb97f489ed22672ca83f4064316802bbfdd750e","/static/js/787.80a223a9.chunk.js":"672ed23758cce5d1facccc073aa2b9a48129749a2527e8e93527c83600c918c2","/static/js/787.80a223a9.chunk.js.map":"6b335156877e7f97679c9bcb1e05bbe4404e9c8794358ff362d10c26d035c824","/static/js/main.aeb93da7.js.LICENSE.txt":"60327615d1137656111b23981bf5dc166f678dbc7565b1f382d043d4aa625807","/static/css/main.2f05b69a.css":"8a252fd64bfefb22a8eb6bf0c6ea6ba35cbf9ec0f0321e6b95242ac8256658ea","/static/js/main.aeb93da7.js":"d8ea43ebcf4c7b41db422cfbfd4dc0b7547a38ad505ff483dad7b7f037927c45","/static/css/main.2f05b69a.css.map":"1d41844264df4cf656adefce3a46bb8b6fd84ee7220a8d221138847293e0e477","/static/js/main.aeb93da7.js.map":"8151159c65794963f962d5883b2cbcacf6a29d98c8fe0d874ac05b29fd4fa38e"}}
[debug] [2023-04-19T19:02:13.478Z] <<< [apiv2][status] POST https://firebasehosting.googleapis.com/v1beta1/projects/385859792259/sites/gowake-ba1f5/versions/aa299fc916c07ea0:populateFiles 200
[debug] [2023-04-19T19:02:13.478Z] <<< [apiv2][body] POST https://firebasehosting.googleapis.com/v1beta1/projects/385859792259/sites/gowake-ba1f5/versions/aa299fc916c07ea0:populateFiles {"uploadRequiredHashes":["f3caadf91cbffece245ddb23dc440655721c97eeeef355d83aaf55a2f962b0be","8151159c65794963f962d5883b2cbcacf6a29d98c8fe0d874ac05b29fd4fa38e","d8ea43ebcf4c7b41db422cfbfd4dc0b7547a38ad505ff483dad7b7f037927c45","1d41844264df4cf656adefce3a46bb8b6fd84ee7220a8d221138847293e0e477","60327615d1137656111b23981bf5dc166f678dbc7565b1f382d043d4aa625807","42463aefca045321d95199f69129183438f32bb69376acac8ff187974b740c7d","8a252fd64bfefb22a8eb6bf0c6ea6ba35cbf9ec0f0321e6b95242ac8256658ea"],"uploadUrl":"https://upload-firebasehosting.googleapis.com/upload/sites/gowake-ba1f5/versions/aa299fc916c07ea0/files"}
[debug] [2023-04-19T19:02:13.481Z] >>> [apiv2][query] POST https://upload-firebasehosting.googleapis.com/upload/sites/gowake-ba1f5/versions/aa299fc916c07ea0/files/f3caadf91cbffece245ddb23dc440655721c97eeeef355d83aaf55a2f962b0be [none]
[debug] [2023-04-19T19:02:13.481Z] >>> [apiv2][body] POST https://upload-firebasehosting.googleapis.com/upload/sites/gowake-ba1f5/versions/aa299fc916c07ea0/files/f3caadf91cbffece245ddb23dc440655721c97eeeef355d83aaf55a2f962b0be [stream]
[debug] [2023-04-19T19:02:13.482Z] >>> [apiv2][query] POST https://upload-firebasehosting.googleapis.com/upload/sites/gowake-ba1f5/versions/aa299fc916c07ea0/files/8151159c65794963f962d5883b2cbcacf6a29d98c8fe0d874ac05b29fd4fa38e [none]
[debug] [2023-04-19T19:02:13.483Z] >>> [apiv2][body] POST https://upload-firebasehosting.googleapis.com/upload/sites/gowake-ba1f5/versions/aa299fc916c07ea0/files/8151159c65794963f962d5883b2cbcacf6a29d98c8fe0d874ac05b29fd4fa38e [stream]
[debug] [2023-04-19T19:02:13.484Z] >>> [apiv2][query] POST https://upload-firebasehosting.googleapis.com/upload/sites/gowake-ba1f5/versions/aa299fc916c07ea0/files/d8ea43ebcf4c7b41db422cfbfd4dc0b7547a38ad505ff483dad7b7f037927c45 [none]
[debug] [2023-04-19T19:02:13.484Z] >>> [apiv2][body] POST https://upload-firebasehosting.googleapis.com/upload/sites/gowake-ba1f5/versions/aa299fc916c07ea0/files/d8ea43ebcf4c7b41db422cfbfd4dc0b7547a38ad505ff483dad7b7f037927c45 [stream]
[debug] [2023-04-19T19:02:13.486Z] >>> [apiv2][query] POST https://upload-firebasehosting.googleapis.com/upload/sites/gowake-ba1f5/versions/aa299fc916c07ea0/files/1d41844264df4cf656adefce3a46bb8b6fd84ee7220a8d221138847293e0e477 [none]
[debug] [2023-04-19T19:02:13.487Z] >>> [apiv2][body] POST https://upload-firebasehosting.googleapis.com/upload/sites/gowake-ba1f5/versions/aa299fc916c07ea0/files/1d41844264df4cf656adefce3a46bb8b6fd84ee7220a8d221138847293e0e477 [stream]
[debug] [2023-04-19T19:02:13.488Z] >>> [apiv2][query] POST https://upload-firebasehosting.googleapis.com/upload/sites/gowake-ba1f5/versions/aa299fc916c07ea0/files/60327615d1137656111b23981bf5dc166f678dbc7565b1f382d043d4aa625807 [none]
[debug] [2023-04-19T19:02:13.488Z] >>> [apiv2][body] POST https://upload-firebasehosting.googleapis.com/upload/sites/gowake-ba1f5/versions/aa299fc916c07ea0/files/60327615d1137656111b23981bf5dc166f678dbc7565b1f382d043d4aa625807 [stream]
[debug] [2023-04-19T19:02:13.490Z] >>> [apiv2][query] POST https://upload-firebasehosting.googleapis.com/upload/sites/gowake-ba1f5/versions/aa299fc916c07ea0/files/42463aefca045321d95199f69129183438f32bb69376acac8ff187974b740c7d [none]
[debug] [2023-04-19T19:02:13.490Z] >>> [apiv2][body] POST https://upload-firebasehosting.googleapis.com/upload/sites/gowake-ba1f5/versions/aa299fc916c07ea0/files/42463aefca045321d95199f69129183438f32bb69376acac8ff187974b740c7d [stream]
[debug] [2023-04-19T19:02:13.492Z] >>> [apiv2][query] POST https://upload-firebasehosting.googleapis.com/upload/sites/gowake-ba1f5/versions/aa299fc916c07ea0/files/8a252fd64bfefb22a8eb6bf0c6ea6ba35cbf9ec0f0321e6b95242ac8256658ea [none]
[debug] [2023-04-19T19:02:13.492Z] >>> [apiv2][body] POST https://upload-firebasehosting.googleapis.com/upload/sites/gowake-ba1f5/versions/aa299fc916c07ea0/files/8a252fd64bfefb22a8eb6bf0c6ea6ba35cbf9ec0f0321e6b95242ac8256658ea [stream]
[debug] [2023-04-19T19:02:13.493Z] [hosting][populate queue][FINAL] {"max":1020,"min":1020,"avg":1020,"active":0,"complete":1,"success":1,"errored":0,"retried":0,"total":1,"elapsed":1033}
[debug] [2023-04-19T19:02:13.493Z] [hosting] uploads queued: 7
[info] i  hosting: uploading new files [0/7] (0%) 
[debug] [2023-04-19T19:02:14.594Z] <<< [apiv2][status] POST https://upload-firebasehosting.googleapis.com/upload/sites/gowake-ba1f5/versions/aa299fc916c07ea0/files/42463aefca045321d95199f69129183438f32bb69376acac8ff187974b740c7d 200
[debug] [2023-04-19T19:02:14.595Z] <<< [apiv2][body] POST https://upload-firebasehosting.googleapis.com/upload/sites/gowake-ba1f5/versions/aa299fc916c07ea0/files/42463aefca045321d95199f69129183438f32bb69376acac8ff187974b740c7d [stream]
[debug] [2023-04-19T19:02:14.595Z] <<< [apiv2][status] POST https://upload-firebasehosting.googleapis.com/upload/sites/gowake-ba1f5/versions/aa299fc916c07ea0/files/8a252fd64bfefb22a8eb6bf0c6ea6ba35cbf9ec0f0321e6b95242ac8256658ea 200
[debug] [2023-04-19T19:02:14.596Z] <<< [apiv2][body] POST https://upload-firebasehosting.googleapis.com/upload/sites/gowake-ba1f5/versions/aa299fc916c07ea0/files/8a252fd64bfefb22a8eb6bf0c6ea6ba35cbf9ec0f0321e6b95242ac8256658ea [stream]
[debug] [2023-04-19T19:02:14.755Z] <<< [apiv2][status] POST https://upload-firebasehosting.googleapis.com/upload/sites/gowake-ba1f5/versions/aa299fc916c07ea0/files/f3caadf91cbffece245ddb23dc440655721c97eeeef355d83aaf55a2f962b0be 200
[debug] [2023-04-19T19:02:14.756Z] <<< [apiv2][body] POST https://upload-firebasehosting.googleapis.com/upload/sites/gowake-ba1f5/versions/aa299fc916c07ea0/files/f3caadf91cbffece245ddb23dc440655721c97eeeef355d83aaf55a2f962b0be [stream]
[debug] [2023-04-19T19:02:14.757Z] <<< [apiv2][status] POST https://upload-firebasehosting.googleapis.com/upload/sites/gowake-ba1f5/versions/aa299fc916c07ea0/files/60327615d1137656111b23981bf5dc166f678dbc7565b1f382d043d4aa625807 200
[debug] [2023-04-19T19:02:14.757Z] <<< [apiv2][body] POST https://upload-firebasehosting.googleapis.com/upload/sites/gowake-ba1f5/versions/aa299fc916c07ea0/files/60327615d1137656111b23981bf5dc166f678dbc7565b1f382d043d4aa625807 [stream]
[debug] [2023-04-19T19:02:14.798Z] <<< [apiv2][status] POST https://upload-firebasehosting.googleapis.com/upload/sites/gowake-ba1f5/versions/aa299fc916c07ea0/files/1d41844264df4cf656adefce3a46bb8b6fd84ee7220a8d221138847293e0e477 200
[debug] [2023-04-19T19:02:14.798Z] <<< [apiv2][body] POST https://upload-firebasehosting.googleapis.com/upload/sites/gowake-ba1f5/versions/aa299fc916c07ea0/files/1d41844264df4cf656adefce3a46bb8b6fd84ee7220a8d221138847293e0e477 [stream]
[debug] [2023-04-19T19:02:14.811Z] <<< [apiv2][status] POST https://upload-firebasehosting.googleapis.com/upload/sites/gowake-ba1f5/versions/aa299fc916c07ea0/files/d8ea43ebcf4c7b41db422cfbfd4dc0b7547a38ad505ff483dad7b7f037927c45 200
[debug] [2023-04-19T19:02:14.811Z] <<< [apiv2][body] POST https://upload-firebasehosting.googleapis.com/upload/sites/gowake-ba1f5/versions/aa299fc916c07ea0/files/d8ea43ebcf4c7b41db422cfbfd4dc0b7547a38ad505ff483dad7b7f037927c45 [stream]
[debug] [2023-04-19T19:02:15.109Z] <<< [apiv2][status] POST https://upload-firebasehosting.googleapis.com/upload/sites/gowake-ba1f5/versions/aa299fc916c07ea0/files/8151159c65794963f962d5883b2cbcacf6a29d98c8fe0d874ac05b29fd4fa38e 200
[debug] [2023-04-19T19:02:15.109Z] <<< [apiv2][body] POST https://upload-firebasehosting.googleapis.com/upload/sites/gowake-ba1f5/versions/aa299fc916c07ea0/files/8151159c65794963f962d5883b2cbcacf6a29d98c8fe0d874ac05b29fd4fa38e [stream]
[debug] [2023-04-19T19:02:15.109Z] [hosting][upload queue][FINAL] {"max":1630,"min":1115,"avg":1294.857142857143,"active":0,"complete":7,"success":7,"errored":0,"retried":0,"total":7,"elapsed":1630}
[info] i  hosting: upload complete 
[info] ✔  hosting[gowake-ba1f5]: file upload complete 
[debug] [2023-04-19T19:02:15.110Z] [hosting] deploy completed after 3068ms
[debug] [2023-04-19T19:02:15.113Z] [
  {
    "config": {
      "public": "build",
      "ignore": [
        "firebase.json",
        "**/.*",
        "**/node_modules/**"
      ],
      "rewrites": [
        {
          "source": "**",
          "destination": "/index.html"
        }
      ],
      "site": "gowake-ba1f5"
    },
    "version": "projects/385859792259/sites/gowake-ba1f5/versions/aa299fc916c07ea0"
  }
]
[info] i  hosting[gowake-ba1f5]: finalizing version... 
[debug] [2023-04-19T19:02:15.116Z] >>> [apiv2][query] PATCH https://firebasehosting.googleapis.com/v1beta1/projects/-/sites/gowake-ba1f5/versions/aa299fc916c07ea0 updateMask=status%2Cconfig
[debug] [2023-04-19T19:02:15.116Z] >>> [apiv2][body] PATCH https://firebasehosting.googleapis.com/v1beta1/projects/-/sites/gowake-ba1f5/versions/aa299fc916c07ea0 {"status":"FINALIZED","config":{"rewrites":[{"glob":"**","path":"/index.html"}]}}
[debug] [2023-04-19T19:02:16.134Z] <<< [apiv2][status] PATCH https://firebasehosting.googleapis.com/v1beta1/projects/-/sites/gowake-ba1f5/versions/aa299fc916c07ea0 200
[debug] [2023-04-19T19:02:16.135Z] <<< [apiv2][body] PATCH https://firebasehosting.googleapis.com/v1beta1/projects/-/sites/gowake-ba1f5/versions/aa299fc916c07ea0 {"name":"projects/385859792259/sites/gowake-ba1f5/versions/aa299fc916c07ea0","status":"FINALIZED","config":{"rewrites":[{"glob":"**","path":"/index.html"}]},"labels":{"deployment-tool":"cli-firebase"},"createTime":"2023-04-19T19:02:11.522074Z","createUser":{"email":"benevidessouza2017@gmail.com"},"finalizeTime":"2023-04-19T19:02:15.938147Z","finalizeUser":{"email":"benevidessouza2017@gmail.com"}}
[debug] [2023-04-19T19:02:16.135Z] [hosting] finalized version for gowake-ba1f5:[object Object]
[info] ✔  hosting[gowake-ba1f5]: version finalized 
[info] i  hosting[gowake-ba1f5]: releasing new version... 
[debug] [2023-04-19T19:02:16.137Z] >>> [apiv2][query] POST https://firebasehosting.googleapis.com/v1beta1/projects/-/sites/gowake-ba1f5/channels/live/releases versionName=projects%2F385859792259%2Fsites%2Fgowake-ba1f5%2Fversions%2Faa299fc916c07ea0
[debug] [2023-04-19T19:02:16.137Z] >>> [apiv2][body] POST https://firebasehosting.googleapis.com/v1beta1/projects/-/sites/gowake-ba1f5/channels/live/releases {}
[debug] [2023-04-19T19:02:17.160Z] <<< [apiv2][status] POST https://firebasehosting.googleapis.com/v1beta1/projects/-/sites/gowake-ba1f5/channels/live/releases 200
[debug] [2023-04-19T19:02:17.160Z] <<< [apiv2][body] POST https://firebasehosting.googleapis.com/v1beta1/projects/-/sites/gowake-ba1f5/channels/live/releases {"name":"projects/385859792259/sites/gowake-ba1f5/channels/live/releases/1681930936382000","version":{"name":"projects/385859792259/sites/gowake-ba1f5/versions/aa299fc916c07ea0","status":"FINALIZED","config":{"rewrites":[{"glob":"**","path":"/index.html"}]},"labels":{"deployment-tool":"cli-firebase"},"createTime":"2023-04-19T19:02:11.522074Z","createUser":{"email":"benevidessouza2017@gmail.com","imageUrl":"https://lh3.googleusercontent.com/a/AGNmyxap261BZfje9OCkgw0_itPZHWMb-3clKts0HIia"},"finalizeTime":"2023-04-19T19:02:15.938147Z","finalizeUser":{"email":"benevidessouza2017@gmail.com","imageUrl":"https://lh3.googleusercontent.com/a/AGNmyxap261BZfje9OCkgw0_itPZHWMb-3clKts0HIia"}},"type":"DEPLOY","releaseTime":"2023-04-19T19:02:16.382Z","releaseUser":{"email":"benevidessouza2017@gmail.com","imageUrl":"https://lh3.googleusercontent.com/a/AGNmyxap261BZfje9OCkgw0_itPZHWMb-3clKts0HIia"}}
[debug] [2023-04-19T19:02:17.161Z] [hosting] release: {"name":"projects/385859792259/sites/gowake-ba1f5/channels/live/releases/1681930936382000","version":{"name":"projects/385859792259/sites/gowake-ba1f5/versions/aa299fc916c07ea0","status":"FINALIZED","config":{"rewrites":[{"glob":"**","path":"/index.html"}]},"labels":{"deployment-tool":"cli-firebase"},"createTime":"2023-04-19T19:02:11.522074Z","createUser":{"email":"benevidessouza2017@gmail.com","imageUrl":"https://lh3.googleusercontent.com/a/AGNmyxap261BZfje9OCkgw0_itPZHWMb-3clKts0HIia"},"finalizeTime":"2023-04-19T19:02:15.938147Z","finalizeUser":{"email":"benevidessouza2017@gmail.com","imageUrl":"https://lh3.googleusercontent.com/a/AGNmyxap261BZfje9OCkgw0_itPZHWMb-3clKts0HIia"}},"type":"DEPLOY","releaseTime":"2023-04-19T19:02:16.382Z","releaseUser":{"email":"benevidessouza2017@gmail.com","imageUrl":"https://lh3.googleusercontent.com/a/AGNmyxap261BZfje9OCkgw0_itPZHWMb-3clKts0HIia"}}
[info] ✔  hosting[gowake-ba1f5]: release complete 
[info] 
[info] ✔  Deploy complete! 
[info] 
[info] Project Console: https://console.firebase.google.com/project/gowake-ba1f5/overview
[info] Hosting URL: https://gowake-ba1f5.web.app
